#
# There is insufficient memory for the Java Runtime Environment to continue.
# Native memory allocation (malloc) failed to allocate 32744 bytes for ChunkPool::allocate
# Possible reasons:
#   The system is out of physical RAM or swap space
#   The process is running with CompressedOops enabled, and the Java Heap may be blocking the growth of the native heap
# Possible solutions:
#   Reduce memory load on the system
#   Increase physical memory or swap space
#   Check if swap backing store is full
#   Decrease Java heap size (-Xmx/-Xms)
#   Decrease number of Java threads
#   Decrease Java thread stack sizes (-Xss)
#   Set larger code cache with -XX:ReservedCodeCacheSize=
#   JVM is running with Zero Based Compressed Oops mode in which the Java heap is
#     placed in the first 32GB address space. The Java Heap base address is the
#     maximum limit for the native heap growth. Please use -XX:HeapBaseMinAddress
#     to set the Java Heap base and to place the Java Heap above 32GB virtual address.
# This output file may be truncated or incomplete.
#
#  Out of Memory Error (arena.cpp:78), pid=18420, tid=4564
#
# JRE version: Java(TM) SE Runtime Environment (17.0.4.1+1) (build 17.0.4.1+1-LTS-2)
# Java VM: Java HotSpot(TM) 64-Bit Server VM (17.0.4.1+1-LTS-2, mixed mode, sharing, tiered, compressed oops, compressed class ptrs, g1 gc, windows-amd64)
# No core dump will be written. Minidumps are not enabled by default on client versions of Windows
#

---------------  S U M M A R Y ------------

Command Line: -javaagent:C:\Program Files\JetBrains\IntelliJ IDEA Community Edition 2022.1.4\lib\idea_rt.jar=63293:C:\Program Files\JetBrains\IntelliJ IDEA Community Edition 2022.1.4\bin -Dfile.encoding=UTF-8 com.miniprojeto.miniprojeto.MiniprojetoApplication

Host: Intel(R) Core(TM) i7-10610U CPU @ 1.80GHz, 8 cores, 15G,  Windows 10 , 64 bit Build 19041 (10.0.19041.1889)
Time: Thu Sep 29 11:53:15 2022 Hora oficial do Brasil elapsed time: 1.146971 seconds (0d 0h 0m 1s)

---------------  T H R E A D  ---------------

Current thread (0x00000273542720b0):  JavaThread "C1 CompilerThread0" daemon [_thread_in_native, id=4564, stack(0x000000b255400000,0x000000b255500000)]


Current CompileTask:
C1:   1147 1502       3       sun.reflect.generics.visitor.Reifier::visitClassTypeSignature (381 bytes)

Stack: [0x000000b255400000,0x000000b255500000]
Native frames: (J=compiled Java code, j=interpreted, Vv=VM code, C=native code)
V  [jvm.dll+0x6723ba]
V  [jvm.dll+0x7d1e34]
V  [jvm.dll+0x7d35de]
V  [jvm.dll+0x7d3c43]
V  [jvm.dll+0x243065]
V  [jvm.dll+0xaa7c0]
V  [jvm.dll+0xaab0c]
V  [jvm.dll+0x16150e]
V  [jvm.dll+0x15ba8e]
V  [jvm.dll+0x149d80]
V  [jvm.dll+0x132907]
V  [jvm.dll+0x13228f]
V  [jvm.dll+0x1324c6]
V  [jvm.dll+0x13195a]
V  [jvm.dll+0x133621]
V  [jvm.dll+0x224e08]
V  [jvm.dll+0x222f75]
V  [jvm.dll+0x787a0b]
V  [jvm.dll+0x781fca]
V  [jvm.dll+0x671245]
C  [ucrtbase.dll+0x21bb2]
C  [KERNEL32.DLL+0x17034]
C  [ntdll.dll+0x526a1]


---------------  P R O C E S S  ---------------

Threads class SMR info:
_java_thread_list=0x000002735562fd80, length=15, elements={
0x00000273317276b0, 0x000002735424c0d0, 0x000002735424cf40, 0x000002735425c2d0,
0x000002735425fbb0, 0x0000027354260560, 0x0000027354260f10, 0x0000027354263cc0,
0x00000273542720b0, 0x0000027354274ab0, 0x0000027354cf4390, 0x0000027354e0de80,
0x0000027354f47780, 0x0000027354f47c50, 0x00000273556233d0
}

Java Threads: ( => current thread )
  0x00000273317276b0 JavaThread "main" [_thread_in_vm, id=15424, stack(0x000000b254600000,0x000000b254700000)]
  0x000002735424c0d0 JavaThread "Reference Handler" daemon [_thread_blocked, id=15476, stack(0x000000b254d00000,0x000000b254e00000)]
  0x000002735424cf40 JavaThread "Finalizer" daemon [_thread_blocked, id=5948, stack(0x000000b254e00000,0x000000b254f00000)]
  0x000002735425c2d0 JavaThread "Signal Dispatcher" daemon [_thread_blocked, id=12060, stack(0x000000b254f00000,0x000000b255000000)]
  0x000002735425fbb0 JavaThread "Attach Listener" daemon [_thread_blocked, id=14052, stack(0x000000b255000000,0x000000b255100000)]
  0x0000027354260560 JavaThread "Service Thread" daemon [_thread_blocked, id=7144, stack(0x000000b255100000,0x000000b255200000)]
  0x0000027354260f10 JavaThread "Monitor Deflation Thread" daemon [_thread_blocked, id=8340, stack(0x000000b255200000,0x000000b255300000)]
  0x0000027354263cc0 JavaThread "C2 CompilerThread0" daemon [_thread_blocked, id=18328, stack(0x000000b255300000,0x000000b255400000)]
=>0x00000273542720b0 JavaThread "C1 CompilerThread0" daemon [_thread_in_native, id=4564, stack(0x000000b255400000,0x000000b255500000)]
  0x0000027354274ab0 JavaThread "Sweeper thread" daemon [_thread_blocked, id=16128, stack(0x000000b255500000,0x000000b255600000)]
  0x0000027354cf4390 JavaThread "Common-Cleaner" daemon [_thread_blocked, id=17068, stack(0x000000b255600000,0x000000b255700000)]
  0x0000027354e0de80 JavaThread "C2 CompilerThread1" daemon [_thread_blocked, id=4212, stack(0x000000b255700000,0x000000b255800000)]
  0x0000027354f47780 JavaThread "Monitor Ctrl-Break" daemon [_thread_in_native, id=10844, stack(0x000000b255800000,0x000000b255900000)]
  0x0000027354f47c50 JavaThread "Notification Thread" daemon [_thread_blocked, id=10848, stack(0x000000b255900000,0x000000b255a00000)]
  0x00000273556233d0 JavaThread "background-preinit" [_thread_in_vm, id=3608, stack(0x000000b256200000,0x000000b256300000)]

Other Threads:
  0x00000273542474d0 VMThread "VM Thread" [stack: 0x000000b254c00000,0x000000b254d00000] [id=13124]
  0x00000273317a9ca0 WatcherThread [stack: 0x000000b255a00000,0x000000b255b00000] [id=12352]
  0x00000273317921c0 GCTaskThread "GC Thread#0" [stack: 0x000000b254700000,0x000000b254800000] [id=9900]
  0x00000273556e2e80 GCTaskThread "GC Thread#1" [stack: 0x000000b255b00000,0x000000b255c00000] [id=17296]
  0x00000273556e3540 GCTaskThread "GC Thread#2" [stack: 0x000000b255c00000,0x000000b255d00000] [id=10760]
  0x00000273556e37f0 GCTaskThread "GC Thread#3" [stack: 0x000000b255d00000,0x000000b255e00000] [id=6416]
  0x00000273556e3aa0 GCTaskThread "GC Thread#4" [stack: 0x000000b255e00000,0x000000b255f00000] [id=7720]
  0x00000273555e96f0 GCTaskThread "GC Thread#5" [stack: 0x000000b255f00000,0x000000b256000000] [id=2364]
  0x0000027355757e00 GCTaskThread "GC Thread#6" [stack: 0x000000b256000000,0x000000b256100000] [id=1400]
  0x00000273317a2d20 ConcurrentGCThread "G1 Main Marker" [stack: 0x000000b254800000,0x000000b254900000] [id=8968]
  0x00000273317a3ed0 ConcurrentGCThread "G1 Conc#0" [stack: 0x000000b254900000,0x000000b254a00000] [id=15636]
  0x00000273541040f0 ConcurrentGCThread "G1 Refine#0" [stack: 0x000000b254a00000,0x000000b254b00000] [id=13216]
  0x00000273555e9e20 ConcurrentGCThread "G1 Refine#1" [stack: 0x000000b256100000,0x000000b256200000] [id=1232]
  0x0000027354104b10 ConcurrentGCThread "G1 Service" [stack: 0x000000b254b00000,0x000000b254c00000] [id=17324]

Threads with active compile tasks:
C1 CompilerThread0     1193 1502       3       sun.reflect.generics.visitor.Reifier::visitClassTypeSignature (381 bytes)

VM state: not at safepoint (normal execution)

VM Mutex/Monitor currently owned by a thread: None

Heap address: 0x0000000705200000, size: 4014 MB, Compressed Oops mode: Zero based, Oop shift amount: 3

CDS archive(s) mapped at: [0x0000000800000000-0x0000000800bc0000-0x0000000800bc0000), size 12320768, SharedBaseAddress: 0x0000000800000000, ArchiveRelocationMode: 0.
Compressed class space mapped at: 0x0000000800c00000-0x0000000840c00000, reserved size: 1073741824
Narrow klass base: 0x0000000800000000, Narrow klass shift: 0, Narrow klass range: 0x100000000

GC Precious Log:
 CPUs: 8 total, 8 available
 Memory: 16051M
 Large Page Support: Disabled
 NUMA Support: Disabled
 Compressed Oops: Enabled (Zero based)
 Heap Region Size: 2M
 Heap Min Capacity: 8M
 Heap Initial Capacity: 252M
 Heap Max Capacity: 4014M
 Pre-touch: Disabled
 Parallel Workers: 8
 Concurrent Workers: 2
 Concurrent Refinement Workers: 8
 Periodic GC: Disabled

Heap:
 garbage-first heap   total 258048K, used 18660K [0x0000000705200000, 0x0000000800000000)
  region size 2048K, 9 young (18432K), 2 survivors (4096K)
 Metaspace       used 9605K, committed 9856K, reserved 1064960K
  class space    used 1224K, committed 1344K, reserved 1048576K

Heap Regions: E=young(eden), S=young(survivor), O=old, HS=humongous(starts), HC=humongous(continues), CS=collection set, F=free, OA=open archive, CA=closed archive, TAMS=top-at-mark-start (previous, next)
|   0|0x0000000705200000, 0x0000000705400000, 0x0000000705400000|100%| O|  |TAMS 0x0000000705200000, 0x0000000705200000| Untracked 
|   1|0x0000000705400000, 0x0000000705439200, 0x0000000705600000| 11%| O|  |TAMS 0x0000000705400000, 0x0000000705400000| Untracked 
|   2|0x0000000705600000, 0x0000000705600000, 0x0000000705800000|  0%| F|  |TAMS 0x0000000705600000, 0x0000000705600000| Untracked 
|   3|0x0000000705800000, 0x0000000705800000, 0x0000000705a00000|  0%| F|  |TAMS 0x0000000705800000, 0x0000000705800000| Untracked 
|   4|0x0000000705a00000, 0x0000000705a00000, 0x0000000705c00000|  0%| F|  |TAMS 0x0000000705a00000, 0x0000000705a00000| Untracked 
|   5|0x0000000705c00000, 0x0000000705c00000, 0x0000000705e00000|  0%| F|  |TAMS 0x0000000705c00000, 0x0000000705c00000| Untracked 
|   6|0x0000000705e00000, 0x0000000705e00000, 0x0000000706000000|  0%| F|  |TAMS 0x0000000705e00000, 0x0000000705e00000| Untracked 
|   7|0x0000000706000000, 0x0000000706000000, 0x0000000706200000|  0%| F|  |TAMS 0x0000000706000000, 0x0000000706000000| Untracked 
|   8|0x0000000706200000, 0x0000000706200000, 0x0000000706400000|  0%| F|  |TAMS 0x0000000706200000, 0x0000000706200000| Untracked 
|   9|0x0000000706400000, 0x0000000706400000, 0x0000000706600000|  0%| F|  |TAMS 0x0000000706400000, 0x0000000706400000| Untracked 
|  10|0x0000000706600000, 0x0000000706600000, 0x0000000706800000|  0%| F|  |TAMS 0x0000000706600000, 0x0000000706600000| Untracked 
|  11|0x0000000706800000, 0x0000000706800000, 0x0000000706a00000|  0%| F|  |TAMS 0x0000000706800000, 0x0000000706800000| Untracked 
|  12|0x0000000706a00000, 0x0000000706a00000, 0x0000000706c00000|  0%| F|  |TAMS 0x0000000706a00000, 0x0000000706a00000| Untracked 
|  13|0x0000000706c00000, 0x0000000706c00000, 0x0000000706e00000|  0%| F|  |TAMS 0x0000000706c00000, 0x0000000706c00000| Untracked 
|  14|0x0000000706e00000, 0x0000000706e00000, 0x0000000707000000|  0%| F|  |TAMS 0x0000000706e00000, 0x0000000706e00000| Untracked 
|  15|0x0000000707000000, 0x0000000707000000, 0x0000000707200000|  0%| F|  |TAMS 0x0000000707000000, 0x0000000707000000| Untracked 
|  16|0x0000000707200000, 0x0000000707200000, 0x0000000707400000|  0%| F|  |TAMS 0x0000000707200000, 0x0000000707200000| Untracked 
|  17|0x0000000707400000, 0x0000000707400000, 0x0000000707600000|  0%| F|  |TAMS 0x0000000707400000, 0x0000000707400000| Untracked 
|  18|0x0000000707600000, 0x0000000707600000, 0x0000000707800000|  0%| F|  |TAMS 0x0000000707600000, 0x0000000707600000| Untracked 
|  19|0x0000000707800000, 0x0000000707800000, 0x0000000707a00000|  0%| F|  |TAMS 0x0000000707800000, 0x0000000707800000| Untracked 
|  20|0x0000000707a00000, 0x0000000707a00000, 0x0000000707c00000|  0%| F|  |TAMS 0x0000000707a00000, 0x0000000707a00000| Untracked 
|  21|0x0000000707c00000, 0x0000000707c00000, 0x0000000707e00000|  0%| F|  |TAMS 0x0000000707c00000, 0x0000000707c00000| Untracked 
|  22|0x0000000707e00000, 0x0000000707e00000, 0x0000000708000000|  0%| F|  |TAMS 0x0000000707e00000, 0x0000000707e00000| Untracked 
|  23|0x0000000708000000, 0x0000000708000000, 0x0000000708200000|  0%| F|  |TAMS 0x0000000708000000, 0x0000000708000000| Untracked 
|  24|0x0000000708200000, 0x0000000708200000, 0x0000000708400000|  0%| F|  |TAMS 0x0000000708200000, 0x0000000708200000| Untracked 
|  25|0x0000000708400000, 0x0000000708400000, 0x0000000708600000|  0%| F|  |TAMS 0x0000000708400000, 0x0000000708400000| Untracked 
|  26|0x0000000708600000, 0x0000000708600000, 0x0000000708800000|  0%| F|  |TAMS 0x0000000708600000, 0x0000000708600000| Untracked 
|  27|0x0000000708800000, 0x0000000708800000, 0x0000000708a00000|  0%| F|  |TAMS 0x0000000708800000, 0x0000000708800000| Untracked 
|  28|0x0000000708a00000, 0x0000000708a00000, 0x0000000708c00000|  0%| F|  |TAMS 0x0000000708a00000, 0x0000000708a00000| Untracked 
|  29|0x0000000708c00000, 0x0000000708c00000, 0x0000000708e00000|  0%| F|  |TAMS 0x0000000708c00000, 0x0000000708c00000| Untracked 
|  30|0x0000000708e00000, 0x0000000708e00000, 0x0000000709000000|  0%| F|  |TAMS 0x0000000708e00000, 0x0000000708e00000| Untracked 
|  31|0x0000000709000000, 0x0000000709000000, 0x0000000709200000|  0%| F|  |TAMS 0x0000000709000000, 0x0000000709000000| Untracked 
|  32|0x0000000709200000, 0x0000000709200000, 0x0000000709400000|  0%| F|  |TAMS 0x0000000709200000, 0x0000000709200000| Untracked 
|  33|0x0000000709400000, 0x0000000709400000, 0x0000000709600000|  0%| F|  |TAMS 0x0000000709400000, 0x0000000709400000| Untracked 
|  34|0x0000000709600000, 0x0000000709600000, 0x0000000709800000|  0%| F|  |TAMS 0x0000000709600000, 0x0000000709600000| Untracked 
|  35|0x0000000709800000, 0x0000000709800000, 0x0000000709a00000|  0%| F|  |TAMS 0x0000000709800000, 0x0000000709800000| Untracked 
|  36|0x0000000709a00000, 0x0000000709a00000, 0x0000000709c00000|  0%| F|  |TAMS 0x0000000709a00000, 0x0000000709a00000| Untracked 
|  37|0x0000000709c00000, 0x0000000709c00000, 0x0000000709e00000|  0%| F|  |TAMS 0x0000000709c00000, 0x0000000709c00000| Untracked 
|  38|0x0000000709e00000, 0x0000000709e00000, 0x000000070a000000|  0%| F|  |TAMS 0x0000000709e00000, 0x0000000709e00000| Untracked 
|  39|0x000000070a000000, 0x000000070a000000, 0x000000070a200000|  0%| F|  |TAMS 0x000000070a000000, 0x000000070a000000| Untracked 
|  40|0x000000070a200000, 0x000000070a200000, 0x000000070a400000|  0%| F|  |TAMS 0x000000070a200000, 0x000000070a200000| Untracked 
|  41|0x000000070a400000, 0x000000070a400000, 0x000000070a600000|  0%| F|  |TAMS 0x000000070a400000, 0x000000070a400000| Untracked 
|  42|0x000000070a600000, 0x000000070a600000, 0x000000070a800000|  0%| F|  |TAMS 0x000000070a600000, 0x000000070a600000| Untracked 
|  43|0x000000070a800000, 0x000000070a800000, 0x000000070aa00000|  0%| F|  |TAMS 0x000000070a800000, 0x000000070a800000| Untracked 
|  44|0x000000070aa00000, 0x000000070aa00000, 0x000000070ac00000|  0%| F|  |TAMS 0x000000070aa00000, 0x000000070aa00000| Untracked 
|  45|0x000000070ac00000, 0x000000070ac00000, 0x000000070ae00000|  0%| F|  |TAMS 0x000000070ac00000, 0x000000070ac00000| Untracked 
|  46|0x000000070ae00000, 0x000000070ae00000, 0x000000070b000000|  0%| F|  |TAMS 0x000000070ae00000, 0x000000070ae00000| Untracked 
|  47|0x000000070b000000, 0x000000070b000000, 0x000000070b200000|  0%| F|  |TAMS 0x000000070b000000, 0x000000070b000000| Untracked 
|  48|0x000000070b200000, 0x000000070b200000, 0x000000070b400000|  0%| F|  |TAMS 0x000000070b200000, 0x000000070b200000| Untracked 
|  49|0x000000070b400000, 0x000000070b400000, 0x000000070b600000|  0%| F|  |TAMS 0x000000070b400000, 0x000000070b400000| Untracked 
|  50|0x000000070b600000, 0x000000070b600000, 0x000000070b800000|  0%| F|  |TAMS 0x000000070b600000, 0x000000070b600000| Untracked 
|  51|0x000000070b800000, 0x000000070b800000, 0x000000070ba00000|  0%| F|  |TAMS 0x000000070b800000, 0x000000070b800000| Untracked 
|  52|0x000000070ba00000, 0x000000070ba00000, 0x000000070bc00000|  0%| F|  |TAMS 0x000000070ba00000, 0x000000070ba00000| Untracked 
|  53|0x000000070bc00000, 0x000000070bc00000, 0x000000070be00000|  0%| F|  |TAMS 0x000000070bc00000, 0x000000070bc00000| Untracked 
|  54|0x000000070be00000, 0x000000070be00000, 0x000000070c000000|  0%| F|  |TAMS 0x000000070be00000, 0x000000070be00000| Untracked 
|  55|0x000000070c000000, 0x000000070c000000, 0x000000070c200000|  0%| F|  |TAMS 0x000000070c000000, 0x000000070c000000| Untracked 
|  56|0x000000070c200000, 0x000000070c200000, 0x000000070c400000|  0%| F|  |TAMS 0x000000070c200000, 0x000000070c200000| Untracked 
|  57|0x000000070c400000, 0x000000070c400000, 0x000000070c600000|  0%| F|  |TAMS 0x000000070c400000, 0x000000070c400000| Untracked 
|  58|0x000000070c600000, 0x000000070c600000, 0x000000070c800000|  0%| F|  |TAMS 0x000000070c600000, 0x000000070c600000| Untracked 
|  59|0x000000070c800000, 0x000000070c800000, 0x000000070ca00000|  0%| F|  |TAMS 0x000000070c800000, 0x000000070c800000| Untracked 
|  60|0x000000070ca00000, 0x000000070ca00000, 0x000000070cc00000|  0%| F|  |TAMS 0x000000070ca00000, 0x000000070ca00000| Untracked 
|  61|0x000000070cc00000, 0x000000070cc00000, 0x000000070ce00000|  0%| F|  |TAMS 0x000000070cc00000, 0x000000070cc00000| Untracked 
|  62|0x000000070ce00000, 0x000000070ce00000, 0x000000070d000000|  0%| F|  |TAMS 0x000000070ce00000, 0x000000070ce00000| Untracked 
|  63|0x000000070d000000, 0x000000070d000000, 0x000000070d200000|  0%| F|  |TAMS 0x000000070d000000, 0x000000070d000000| Untracked 
|  64|0x000000070d200000, 0x000000070d200000, 0x000000070d400000|  0%| F|  |TAMS 0x000000070d200000, 0x000000070d200000| Untracked 
|  65|0x000000070d400000, 0x000000070d400000, 0x000000070d600000|  0%| F|  |TAMS 0x000000070d400000, 0x000000070d400000| Untracked 
|  66|0x000000070d600000, 0x000000070d600000, 0x000000070d800000|  0%| F|  |TAMS 0x000000070d600000, 0x000000070d600000| Untracked 
|  67|0x000000070d800000, 0x000000070d800000, 0x000000070da00000|  0%| F|  |TAMS 0x000000070d800000, 0x000000070d800000| Untracked 
|  68|0x000000070da00000, 0x000000070da00000, 0x000000070dc00000|  0%| F|  |TAMS 0x000000070da00000, 0x000000070da00000| Untracked 
|  69|0x000000070dc00000, 0x000000070dc00000, 0x000000070de00000|  0%| F|  |TAMS 0x000000070dc00000, 0x000000070dc00000| Untracked 
|  70|0x000000070de00000, 0x000000070de00000, 0x000000070e000000|  0%| F|  |TAMS 0x000000070de00000, 0x000000070de00000| Untracked 
|  71|0x000000070e000000, 0x000000070e000000, 0x000000070e200000|  0%| F|  |TAMS 0x000000070e000000, 0x000000070e000000| Untracked 
|  72|0x000000070e200000, 0x000000070e200000, 0x000000070e400000|  0%| F|  |TAMS 0x000000070e200000, 0x000000070e200000| Untracked 
|  73|0x000000070e400000, 0x000000070e400000, 0x000000070e600000|  0%| F|  |TAMS 0x000000070e400000, 0x000000070e400000| Untracked 
|  74|0x000000070e600000, 0x000000070e600000, 0x000000070e800000|  0%| F|  |TAMS 0x000000070e600000, 0x000000070e600000| Untracked 
|  75|0x000000070e800000, 0x000000070e800000, 0x000000070ea00000|  0%| F|  |TAMS 0x000000070e800000, 0x000000070e800000| Untracked 
|  76|0x000000070ea00000, 0x000000070ea00000, 0x000000070ec00000|  0%| F|  |TAMS 0x000000070ea00000, 0x000000070ea00000| Untracked 
|  77|0x000000070ec00000, 0x000000070ec00000, 0x000000070ee00000|  0%| F|  |TAMS 0x000000070ec00000, 0x000000070ec00000| Untracked 
|  78|0x000000070ee00000, 0x000000070ee00000, 0x000000070f000000|  0%| F|  |TAMS 0x000000070ee00000, 0x000000070ee00000| Untracked 
|  79|0x000000070f000000, 0x000000070f000000, 0x000000070f200000|  0%| F|  |TAMS 0x000000070f000000, 0x000000070f000000| Untracked 
|  80|0x000000070f200000, 0x000000070f200000, 0x000000070f400000|  0%| F|  |TAMS 0x000000070f200000, 0x000000070f200000| Untracked 
|  81|0x000000070f400000, 0x000000070f400000, 0x000000070f600000|  0%| F|  |TAMS 0x000000070f400000, 0x000000070f400000| Untracked 
|  82|0x000000070f600000, 0x000000070f600000, 0x000000070f800000|  0%| F|  |TAMS 0x000000070f600000, 0x000000070f600000| Untracked 
|  83|0x000000070f800000, 0x000000070f800000, 0x000000070fa00000|  0%| F|  |TAMS 0x000000070f800000, 0x000000070f800000| Untracked 
|  84|0x000000070fa00000, 0x000000070fa00000, 0x000000070fc00000|  0%| F|  |TAMS 0x000000070fa00000, 0x000000070fa00000| Untracked 
|  85|0x000000070fc00000, 0x000000070fc00000, 0x000000070fe00000|  0%| F|  |TAMS 0x000000070fc00000, 0x000000070fc00000| Untracked 
|  86|0x000000070fe00000, 0x000000070fe00000, 0x0000000710000000|  0%| F|  |TAMS 0x000000070fe00000, 0x000000070fe00000| Untracked 
|  87|0x0000000710000000, 0x0000000710000000, 0x0000000710200000|  0%| F|  |TAMS 0x0000000710000000, 0x0000000710000000| Untracked 
|  88|0x0000000710200000, 0x0000000710200000, 0x0000000710400000|  0%| F|  |TAMS 0x0000000710200000, 0x0000000710200000| Untracked 
|  89|0x0000000710400000, 0x0000000710400000, 0x0000000710600000|  0%| F|  |TAMS 0x0000000710400000, 0x0000000710400000| Untracked 
|  90|0x0000000710600000, 0x0000000710600000, 0x0000000710800000|  0%| F|  |TAMS 0x0000000710600000, 0x0000000710600000| Untracked 
|  91|0x0000000710800000, 0x0000000710800000, 0x0000000710a00000|  0%| F|  |TAMS 0x0000000710800000, 0x0000000710800000| Untracked 
|  92|0x0000000710a00000, 0x0000000710a00000, 0x0000000710c00000|  0%| F|  |TAMS 0x0000000710a00000, 0x0000000710a00000| Untracked 
|  93|0x0000000710c00000, 0x0000000710c00000, 0x0000000710e00000|  0%| F|  |TAMS 0x0000000710c00000, 0x0000000710c00000| Untracked 
|  94|0x0000000710e00000, 0x0000000710e00000, 0x0000000711000000|  0%| F|  |TAMS 0x0000000710e00000, 0x0000000710e00000| Untracked 
|  95|0x0000000711000000, 0x0000000711000000, 0x0000000711200000|  0%| F|  |TAMS 0x0000000711000000, 0x0000000711000000| Untracked 
|  96|0x0000000711200000, 0x0000000711200000, 0x0000000711400000|  0%| F|  |TAMS 0x0000000711200000, 0x0000000711200000| Untracked 
|  97|0x0000000711400000, 0x0000000711400000, 0x0000000711600000|  0%| F|  |TAMS 0x0000000711400000, 0x0000000711400000| Untracked 
|  98|0x0000000711600000, 0x0000000711600000, 0x0000000711800000|  0%| F|  |TAMS 0x0000000711600000, 0x0000000711600000| Untracked 
|  99|0x0000000711800000, 0x0000000711800000, 0x0000000711a00000|  0%| F|  |TAMS 0x0000000711800000, 0x0000000711800000| Untracked 
| 100|0x0000000711a00000, 0x0000000711a00000, 0x0000000711c00000|  0%| F|  |TAMS 0x0000000711a00000, 0x0000000711a00000| Untracked 
| 101|0x0000000711c00000, 0x0000000711c00000, 0x0000000711e00000|  0%| F|  |TAMS 0x0000000711c00000, 0x0000000711c00000| Untracked 
| 102|0x0000000711e00000, 0x0000000711e00000, 0x0000000712000000|  0%| F|  |TAMS 0x0000000711e00000, 0x0000000711e00000| Untracked 
| 103|0x0000000712000000, 0x0000000712000000, 0x0000000712200000|  0%| F|  |TAMS 0x0000000712000000, 0x0000000712000000| Untracked 
| 104|0x0000000712200000, 0x0000000712200000, 0x0000000712400000|  0%| F|  |TAMS 0x0000000712200000, 0x0000000712200000| Untracked 
| 105|0x0000000712400000, 0x0000000712400000, 0x0000000712600000|  0%| F|  |TAMS 0x0000000712400000, 0x0000000712400000| Untracked 
| 106|0x0000000712600000, 0x0000000712600000, 0x0000000712800000|  0%| F|  |TAMS 0x0000000712600000, 0x0000000712600000| Untracked 
| 107|0x0000000712800000, 0x0000000712800000, 0x0000000712a00000|  0%| F|  |TAMS 0x0000000712800000, 0x0000000712800000| Untracked 
| 108|0x0000000712a00000, 0x0000000712a00000, 0x0000000712c00000|  0%| F|  |TAMS 0x0000000712a00000, 0x0000000712a00000| Untracked 
| 109|0x0000000712c00000, 0x0000000712c00000, 0x0000000712e00000|  0%| F|  |TAMS 0x0000000712c00000, 0x0000000712c00000| Untracked 
| 110|0x0000000712e00000, 0x0000000712e00000, 0x0000000713000000|  0%| F|  |TAMS 0x0000000712e00000, 0x0000000712e00000| Untracked 
| 111|0x0000000713000000, 0x0000000713000000, 0x0000000713200000|  0%| F|  |TAMS 0x0000000713000000, 0x0000000713000000| Untracked 
| 112|0x0000000713200000, 0x0000000713200000, 0x0000000713400000|  0%| F|  |TAMS 0x0000000713200000, 0x0000000713200000| Untracked 
| 113|0x0000000713400000, 0x0000000713600000, 0x0000000713600000|100%| S|CS|TAMS 0x0000000713400000, 0x0000000713400000| Complete 
| 114|0x0000000713600000, 0x0000000713800000, 0x0000000713800000|100%| S|CS|TAMS 0x0000000713600000, 0x0000000713600000| Complete 
| 115|0x0000000713800000, 0x0000000713800000, 0x0000000713a00000|  0%| F|  |TAMS 0x0000000713800000, 0x0000000713800000| Untracked 
| 116|0x0000000713a00000, 0x0000000713a00000, 0x0000000713c00000|  0%| F|  |TAMS 0x0000000713a00000, 0x0000000713a00000| Untracked 
| 117|0x0000000713c00000, 0x0000000713c00000, 0x0000000713e00000|  0%| F|  |TAMS 0x0000000713c00000, 0x0000000713c00000| Untracked 
| 118|0x0000000713e00000, 0x0000000713e00000, 0x0000000714000000|  0%| F|  |TAMS 0x0000000713e00000, 0x0000000713e00000| Untracked 
| 119|0x0000000714000000, 0x0000000714200000, 0x0000000714200000|100%| E|  |TAMS 0x0000000714000000, 0x0000000714000000| Complete 
| 120|0x0000000714200000, 0x0000000714400000, 0x0000000714400000|100%| E|CS|TAMS 0x0000000714200000, 0x0000000714200000| Complete 
| 121|0x0000000714400000, 0x0000000714600000, 0x0000000714600000|100%| E|CS|TAMS 0x0000000714400000, 0x0000000714400000| Complete 
| 122|0x0000000714600000, 0x0000000714800000, 0x0000000714800000|100%| E|CS|TAMS 0x0000000714600000, 0x0000000714600000| Complete 
| 123|0x0000000714800000, 0x0000000714a00000, 0x0000000714a00000|100%| E|CS|TAMS 0x0000000714800000, 0x0000000714800000| Complete 
| 124|0x0000000714a00000, 0x0000000714c00000, 0x0000000714c00000|100%| E|CS|TAMS 0x0000000714a00000, 0x0000000714a00000| Complete 
| 125|0x0000000714c00000, 0x0000000714e00000, 0x0000000714e00000|100%| E|CS|TAMS 0x0000000714c00000, 0x0000000714c00000| Complete 

Card table byte_map: [0x0000027348ac0000,0x00000273492a0000] _byte_map_base: 0x0000027345297000

Marking Bits (Prev, Next): (CMBitMap*) 0x00000273317927d0, (CMBitMap*) 0x0000027331792810
 Prev Bits: [0x0000027349a80000, 0x000002734d938000)
 Next Bits: [0x000002734d940000, 0x00000273517f8000)

Polling page: 0x0000027330f00000

Metaspace:

Usage:
  Non-class:      8.22 MB used.
      Class:      1.20 MB used.
       Both:      9.42 MB used.

Virtual space:
  Non-class space:       16.00 MB reserved,       8.31 MB ( 52%) committed,  2 nodes.
      Class space:        1.00 GB reserved,       1.31 MB ( <1%) committed,  1 nodes.
             Both:        1.02 GB reserved,       9.62 MB ( <1%) committed. 

Chunk freelists:
   Non-Class:  2.81 MB
       Class:  2.59 MB
        Both:  5.41 MB

MaxMetaspaceSize: unlimited
CompressedClassSpaceSize: 1.00 GB
Initial GC threshold: 21.00 MB
Current GC threshold: 21.00 MB
CDS: on
MetaspaceReclaimPolicy: balanced
 - commit_granule_bytes: 65536.
 - commit_granule_words: 8192.
 - virtual_space_node_default_size: 1048576.
 - enlarge_chunks_in_place: 1.
 - new_chunks_are_fully_committed: 0.
 - uncommit_free_chunks: 1.
 - use_allocation_guard: 0.
 - handle_deallocations: 1.


Internal statistics:

num_allocs_failed_limit: 0.
num_arena_births: 114.
num_arena_deaths: 0.
num_vsnodes_births: 3.
num_vsnodes_deaths: 0.
num_space_committed: 154.
num_space_uncommitted: 0.
num_chunks_returned_to_freelist: 0.
num_chunks_taken_from_freelist: 406.
num_chunk_merges: 0.
num_chunk_splits: 261.
num_chunks_enlarged: 213.
num_purges: 0.
num_inconsistent_stats: 0.

CodeHeap 'non-profiled nmethods': size=120000Kb used=556Kb max_used=556Kb free=119443Kb
 bounds [0x0000027340a70000, 0x0000027340ce0000, 0x0000027347fa0000]
CodeHeap 'profiled nmethods': size=120000Kb used=2680Kb max_used=2680Kb free=117319Kb
 bounds [0x0000027339540000, 0x00000273397e0000, 0x0000027340a70000]
CodeHeap 'non-nmethods': size=5760Kb used=1160Kb max_used=1193Kb free=4599Kb
 bounds [0x0000027338fa0000, 0x0000027339210000, 0x0000027339540000]
 total_blobs=1953 nmethods=1501 adapters=364
 compilation: enabled
              stopped_count=0, restarted_count=0
 full_count=0

Compilation events (20 events):
Event: 1.122 Thread 0x00000273542720b0 nmethod 1491 0x00000273397d8510 code [0x00000273397d88a0, 0x00000273397d9d18]
Event: 1.122 Thread 0x00000273542720b0 1493       3       jdk.internal.org.objectweb.asm.ClassWriter::<init> (7 bytes)
Event: 1.123 Thread 0x00000273542720b0 nmethod 1493 0x00000273397da510 code [0x00000273397da6c0, 0x00000273397da808]
Event: 1.123 Thread 0x00000273542720b0 1492       3       java.lang.invoke.MemberName::isField (8 bytes)
Event: 1.123 Thread 0x00000273542720b0 nmethod 1492 0x00000273397da890 code [0x00000273397daa40, 0x00000273397dac78]
Event: 1.129 Thread 0x00000273542720b0 1494       3       java.util.regex.Matcher::find (69 bytes)
Event: 1.129 Thread 0x00000273542720b0 nmethod 1494 0x00000273397dad90 code [0x00000273397daf40, 0x00000273397db248]
Event: 1.129 Thread 0x00000273542720b0 1495       3       java.util.regex.Pattern$Start::match (90 bytes)
Event: 1.129 Thread 0x00000273542720b0 nmethod 1495 0x00000273397db390 code [0x00000273397db560, 0x00000273397db968]
Event: 1.131 Thread 0x00000273542720b0 1497       3       java.util.LinkedHashMap$LinkedHashIterator::<init> (31 bytes)
Event: 1.132 Thread 0x00000273542720b0 nmethod 1497 0x00000273397dbb10 code [0x00000273397dbcc0, 0x00000273397dbf38]
Event: 1.134 Thread 0x00000273542720b0 1498       1       java.lang.ClassLoader::getUnnamedModule (5 bytes)
Event: 1.134 Thread 0x00000273542720b0 nmethod 1498 0x0000027340af3790 code [0x0000027340af3920, 0x0000027340af39f8]
Event: 1.136 Thread 0x00000273542720b0 1499   !   3       jdk.internal.loader.BuiltinClassLoader$2::run (114 bytes)
Event: 1.137 Thread 0x00000273542720b0 nmethod 1499 0x00000273397dc010 code [0x00000273397dc2a0, 0x00000273397dd118]
Event: 1.141 Thread 0x00000273542720b0 1500   !   3       sun.reflect.generics.factory.CoreReflectionFactory::makeNamedType (21 bytes)
Event: 1.141 Thread 0x00000273542720b0 nmethod 1500 0x00000273397dd610 code [0x00000273397dd7e0, 0x00000273397dda68]
Event: 1.142 Thread 0x00000273542720b0 1501       3       sun.reflect.generics.tree.ClassTypeSignature::accept (8 bytes)
Event: 1.142 Thread 0x00000273542720b0 nmethod 1501 0x00000273397ddc10 code [0x00000273397dddc0, 0x00000273397ddf68]
Event: 1.142 Thread 0x00000273542720b0 1502       3       sun.reflect.generics.visitor.Reifier::visitClassTypeSignature (381 bytes)

GC Heap History (2 events):
Event: 0.776 GC heap before
{Heap before GC invocations=0 (full 0):
 garbage-first heap   total 258048K, used 22528K [0x0000000705200000, 0x0000000800000000)
  region size 2048K, 11 young (22528K), 0 survivors (0K)
 Metaspace       used 5832K, committed 6080K, reserved 1056768K
  class space    used 684K, committed 832K, reserved 1048576K
}
Event: 0.780 GC heap after
{Heap after GC invocations=1 (full 0):
 garbage-first heap   total 258048K, used 6372K [0x0000000705200000, 0x0000000800000000)
  region size 2048K, 2 young (4096K), 2 survivors (4096K)
 Metaspace       used 5832K, committed 6080K, reserved 1056768K
  class space    used 684K, committed 832K, reserved 1048576K
}

Deoptimization events (20 events):
Event: 1.034 Thread 0x00000273556233d0 Uncommon trap: trap_request=0xffffffde fr.pc=0x0000027340ad5e34 relative=0x0000000000000474
Event: 1.034 Thread 0x00000273556233d0 Uncommon trap: reason=class_check action=maybe_recompile pc=0x0000027340ad5e34 method=java.util.HashMap.getNode(Ljava/lang/Object;)Ljava/util/HashMap$Node; @ 128 c2
Event: 1.034 Thread 0x00000273556233d0 DEOPT PACKING pc=0x0000027340ad5e34 sp=0x000000b2562fe5c0
Event: 1.034 Thread 0x00000273556233d0 DEOPT UNPACKING pc=0x0000027338ff23a3 sp=0x000000b2562fe4d8 mode 2
Event: 1.055 Thread 0x00000273556233d0 Uncommon trap: trap_request=0xffffff45 fr.pc=0x0000027340ac1390 relative=0x0000000000000070
Event: 1.055 Thread 0x00000273556233d0 Uncommon trap: reason=unstable_if action=reinterpret pc=0x0000027340ac1390 method=sun.net.www.ParseUtil.firstEncodeIndex(Ljava/lang/String;)I @ 51 c2
Event: 1.055 Thread 0x00000273556233d0 DEOPT PACKING pc=0x0000027340ac1390 sp=0x000000b2562fcb00
Event: 1.055 Thread 0x00000273556233d0 DEOPT UNPACKING pc=0x0000027338ff23a3 sp=0x000000b2562fca88 mode 2
Event: 1.087 Thread 0x00000273317276b0 DEOPT PACKING pc=0x00000273397cd948 sp=0x000000b2546fa5f0
Event: 1.087 Thread 0x00000273317276b0 DEOPT UNPACKING pc=0x0000027338ff2b43 sp=0x000000b2546f9b08 mode 0
Event: 1.101 Thread 0x00000273556233d0 Uncommon trap: trap_request=0xffffffde fr.pc=0x0000027340ad5e34 relative=0x0000000000000474
Event: 1.101 Thread 0x00000273556233d0 Uncommon trap: reason=class_check action=maybe_recompile pc=0x0000027340ad5e34 method=java.util.HashMap.getNode(Ljava/lang/Object;)Ljava/util/HashMap$Node; @ 128 c2
Event: 1.101 Thread 0x00000273556233d0 DEOPT PACKING pc=0x0000027340ad5e34 sp=0x000000b2562f9410
Event: 1.101 Thread 0x00000273556233d0 DEOPT UNPACKING pc=0x0000027338ff23a3 sp=0x000000b2562f9328 mode 2
Event: 1.111 Thread 0x00000273317276b0 DEOPT PACKING pc=0x00000273397cd948 sp=0x000000b2546fb410
Event: 1.111 Thread 0x00000273317276b0 DEOPT UNPACKING pc=0x0000027338ff2b43 sp=0x000000b2546fa928 mode 0
Event: 1.114 Thread 0x00000273556233d0 Uncommon trap: trap_request=0xffffffde fr.pc=0x0000027340ad5e34 relative=0x0000000000000474
Event: 1.114 Thread 0x00000273556233d0 Uncommon trap: reason=class_check action=maybe_recompile pc=0x0000027340ad5e34 method=java.util.HashMap.getNode(Ljava/lang/Object;)Ljava/util/HashMap$Node; @ 128 c2
Event: 1.114 Thread 0x00000273556233d0 DEOPT PACKING pc=0x0000027340ad5e34 sp=0x000000b2562fad40
Event: 1.114 Thread 0x00000273556233d0 DEOPT UNPACKING pc=0x0000027338ff23a3 sp=0x000000b2562fac58 mode 2

Classes unloaded (0 events):
No events

Classes redefined (0 events):
No events

Internal exceptions (20 events):
Event: 0.719 Thread 0x00000273317276b0 Exception <a 'java/lang/NoSuchMethodError'{0x00000007138255b0}: 'int java.lang.invoke.DirectMethodHandle$Holder.invokeSpecial(java.lang.Object, java.lang.Object, java.lang.Object)'> (0x00000007138255b0) 
thrown [s\open\src\hotspot\share\interpreter\linkResolver.cpp, line 759]
Event: 0.728 Thread 0x00000273317276b0 Exception <a 'java/lang/NoSuchMethodError'{0x0000000713866380}: 'int java.lang.invoke.DirectMethodHandle$Holder.invokeSpecial(java.lang.Object, java.lang.Object, java.lang.Object, java.lang.Object)'> (0x0000000713866380) 
thrown [s\open\src\hotspot\share\interpreter\linkResolver.cpp, line 759]
Event: 0.773 Thread 0x00000273317276b0 Exception <a 'java/lang/NoSuchMethodError'{0x00000007139e3c90}: 'java.lang.Object java.lang.invoke.DirectMethodHandle$Holder.newInvokeSpecial(java.lang.Object, java.lang.Object, java.lang.Object, java.lang.Object, java.lang.Object, java.lang.Object)'> (0x00000007139e3c90) 
thrown [s\open\src\hotspot\share\interpreter\linkResolver.cpp, line 759]
Event: 0.797 Thread 0x00000273317276b0 Exception <a 'java/lang/NoSuchMethodError'{0x0000000714cd3470}: 'java.lang.Object java.lang.invoke.DirectMethodHandle$Holder.invokeSpecial(java.lang.Object, java.lang.Object, java.lang.Object, java.lang.Object, java.lang.Object, java.lang.Object, int)'> (0x0000000714cd3470) 
thrown [s\open\src\hotspot\share\interpreter\linkResolver.cpp, line 759]
Event: 0.797 Thread 0x00000273317276b0 Exception <a 'java/lang/NoSuchMethodError'{0x0000000714cdd9d0}: 'java.lang.Object java.lang.invoke.DirectMethodHandle$Holder.newInvokeSpecial(java.lang.Object, java.lang.Object, java.lang.Object, java.lang.Object, java.lang.Object, java.lang.Object, int)'> (0x0000000714cdd9d0) 
thrown [s\open\src\hotspot\share\interpreter\linkResolver.cpp, line 759]
Event: 0.798 Thread 0x00000273317276b0 Exception <a 'java/lang/NoSuchMethodError'{0x0000000714ce2a10}: 'java.lang.Object java.lang.invoke.DirectMethodHandle$Holder.invokeSpecial(java.lang.Object, java.lang.Object, java.lang.Object, java.lang.Object, java.lang.Object, java.lang.Object, java.lang.Object, int)'> (0x0000000714ce2a10) 
thrown [s\open\src\hotspot\share\interpreter\linkResolver.cpp, line 759]
Event: 0.836 Thread 0x00000273317276b0 Exception <a 'java/lang/NoSuchMethodError'{0x0000000714df53f8}: 'int java.lang.invoke.DirectMethodHandle$Holder.invokeInterface(java.lang.Object, java.lang.Object)'> (0x0000000714df53f8) 
thrown [s\open\src\hotspot\share\interpreter\linkResolver.cpp, line 759]
Event: 0.872 Thread 0x00000273317276b0 Exception <a 'java/lang/NoSuchMethodError'{0x0000000714ae17d8}: 'java.lang.Object java.lang.invoke.DirectMethodHandle$Holder.invokeSpecial(java.lang.Object, java.lang.Object, java.lang.Object, int, java.lang.Object)'> (0x0000000714ae17d8) 
thrown [s\open\src\hotspot\share\interpreter\linkResolver.cpp, line 759]
Event: 0.873 Thread 0x00000273317276b0 Exception <a 'java/lang/NoSuchMethodError'{0x0000000714ae9e40}: 'java.lang.Object java.lang.invoke.DirectMethodHandle$Holder.newInvokeSpecial(java.lang.Object, java.lang.Object, java.lang.Object, int, java.lang.Object)'> (0x0000000714ae9e40) 
thrown [s\open\src\hotspot\share\interpreter\linkResolver.cpp, line 759]
Event: 0.873 Thread 0x00000273317276b0 Exception <a 'java/lang/NoSuchMethodError'{0x0000000714af1810}: 'java.lang.Object java.lang.invoke.Invokers$Holder.linkToTargetMethod(java.lang.Object, java.lang.Object, int, java.lang.Object, java.lang.Object)'> (0x0000000714af1810) 
thrown [s\open\src\hotspot\share\interpreter\linkResolver.cpp, line 759]
Event: 0.874 Thread 0x00000273317276b0 Exception <a 'java/lang/NoSuchMethodError'{0x0000000714b00b38}: 'java.lang.Object java.lang.invoke.DirectMethodHandle$Holder.newInvokeSpecial(java.lang.Object, int, java.lang.Object)'> (0x0000000714b00b38) 
thrown [s\open\src\hotspot\share\interpreter\linkResolver.cpp, line 759]
Event: 0.875 Thread 0x00000273317276b0 Exception <a 'java/lang/NoSuchMethodError'{0x0000000714b05ae8}: 'int java.lang.invoke.DirectMethodHandle$Holder.invokeSpecialIFC(java.lang.Object, java.lang.Object, java.lang.Object, java.lang.Object)'> (0x0000000714b05ae8) 
thrown [s\open\src\hotspot\share\interpreter\linkResolver.cpp, line 759]
Event: 0.896 Thread 0x00000273317276b0 Exception <a 'java/lang/NoSuchMethodError'{0x0000000714bbc358}: 'java.lang.Object java.lang.invoke.DirectMethodHandle$Holder.invokeInterface(java.lang.Object, java.lang.Object)'> (0x0000000714bbc358) 
thrown [s\open\src\hotspot\share\interpreter\linkResolver.cpp, line 759]
Event: 0.899 Thread 0x00000273317276b0 Exception <a 'java/lang/NoSuchMethodError'{0x0000000714bcce40}: 'void java.lang.invoke.DirectMethodHandle$Holder.invokeInterface(java.lang.Object, java.lang.Object, java.lang.Object)'> (0x0000000714bcce40) 
thrown [s\open\src\hotspot\share\interpreter\linkResolver.cpp, line 759]
Event: 0.919 Thread 0x00000273317276b0 Exception <a 'java/lang/NoSuchMethodError'{0x0000000714835b38}: 'void java.lang.invoke.DirectMethodHandle$Holder.invokeStaticInit(java.lang.Object, java.lang.Object)'> (0x0000000714835b38) 
thrown [s\open\src\hotspot\share\interpreter\linkResolver.cpp, line 759]
Event: 0.921 Thread 0x00000273317276b0 Exception <a 'java/lang/NoSuchMethodError'{0x00000007148421e0}: 'void java.lang.invoke.DirectMethodHandle$Holder.invokeStaticInit(java.lang.Object, java.lang.Object, java.lang.Object)'> (0x00000007148421e0) 
thrown [s\open\src\hotspot\share\interpreter\linkResolver.cpp, line 759]
Event: 0.978 Thread 0x00000273317276b0 Exception <a 'java/lang/NoSuchMethodError'{0x00000007148db338}: 'void java.lang.invoke.DirectMethodHandle$Holder.invokeVirtual(java.lang.Object, java.lang.Object, java.lang.Object, java.lang.Object)'> (0x00000007148db338) 
thrown [s\open\src\hotspot\share\interpreter\linkResolver.cpp, line 759]
Event: 1.019 Thread 0x00000273317276b0 Exception <a 'java/lang/NoSuchMethodError'{0x00000007146182a0}: 'void java.lang.invoke.DirectMethodHandle$Holder.invokeSpecial(java.lang.Object, java.lang.Object, java.lang.Object)'> (0x00000007146182a0) 
thrown [s\open\src\hotspot\share\interpreter\linkResolver.cpp, line 759]
Event: 1.020 Thread 0x00000273317276b0 Exception <a 'java/lang/NoSuchMethodError'{0x000000071461e940}: 'void java.lang.invoke.DirectMethodHandle$Holder.invokeSpecial(java.lang.Object, java.lang.Object, java.lang.Object, java.lang.Object, java.lang.Object)'> (0x000000071461e940) 
thrown [s\open\src\hotspot\share\interpreter\linkResolver.cpp, line 759]
Event: 1.105 Thread 0x00000273556233d0 Exception <a 'java/lang/NoSuchMethodError'{0x00000007142f5238}: 'void java.lang.invoke.DirectMethodHandle$Holder.invokeInterface(java.lang.Object, java.lang.Object, java.lang.Object, java.lang.Object)'> (0x00000007142f5238) 
thrown [s\open\src\hotspot\share\interpreter\linkResolver.cpp, line 759]

VM Operations (12 events):
Event: 0.094 Executing VM operation: HandshakeAllThreads
Event: 0.094 Executing VM operation: HandshakeAllThreads done
Event: 0.188 Executing VM operation: HandshakeAllThreads
Event: 0.188 Executing VM operation: HandshakeAllThreads done
Event: 0.382 Executing VM operation: HandshakeAllThreads
Event: 0.382 Executing VM operation: HandshakeAllThreads done
Event: 0.584 Executing VM operation: HandshakeAllThreads
Event: 0.584 Executing VM operation: HandshakeAllThreads done
Event: 0.776 Executing VM operation: G1CollectForAllocation
Event: 0.781 Executing VM operation: G1CollectForAllocation done
Event: 0.851 Executing VM operation: HandshakeAllThreads
Event: 0.851 Executing VM operation: HandshakeAllThreads done

Events (20 events):
Event: 1.119 loading class java/util/concurrent/locks/ReentrantReadWriteLock
Event: 1.119 loading class java/util/concurrent/locks/ReentrantReadWriteLock done
Event: 1.119 loading class java/util/concurrent/locks/ReentrantReadWriteLock$NonfairSync
Event: 1.119 loading class java/util/concurrent/locks/ReentrantReadWriteLock$Sync
Event: 1.119 loading class java/util/concurrent/locks/ReentrantReadWriteLock$Sync done
Event: 1.119 loading class java/util/concurrent/locks/ReentrantReadWriteLock$NonfairSync done
Event: 1.119 loading class java/util/concurrent/locks/ReentrantReadWriteLock$Sync$ThreadLocalHoldCounter
Event: 1.120 loading class java/util/concurrent/locks/ReentrantReadWriteLock$Sync$ThreadLocalHoldCounter done
Event: 1.120 loading class java/util/concurrent/locks/ReentrantReadWriteLock$ReadLock
Event: 1.120 loading class java/util/concurrent/locks/ReentrantReadWriteLock$ReadLock done
Event: 1.120 loading class java/util/concurrent/locks/ReentrantReadWriteLock$WriteLock
Event: 1.120 loading class java/util/concurrent/locks/ReentrantReadWriteLock$WriteLock done
Event: 1.120 loading class java/util/concurrent/ConcurrentLinkedQueue
Event: 1.121 loading class java/util/concurrent/ConcurrentLinkedQueue done
Event: 1.121 loading class java/util/concurrent/ConcurrentLinkedQueue$Node
Event: 1.121 loading class java/util/concurrent/ConcurrentLinkedQueue$Node done
Event: 1.123 loading class java/lang/ThreadLocal$SuppliedThreadLocal
Event: 1.123 loading class java/lang/ThreadLocal$SuppliedThreadLocal done
Event: 1.127 loading class java/util/RegularEnumSet$EnumSetIterator
Event: 1.127 loading class java/util/RegularEnumSet$EnumSetIterator done


Dynamic libraries:
0x00007ff7460e0000 - 0x00007ff7460f0000 	C:\Program Files\Java\jdk-17.0.4.1\bin\java.exe
0x00007ffd62c50000 - 0x00007ffd62e48000 	C:\Windows\SYSTEM32\ntdll.dll
0x00007ffd62a10000 - 0x00007ffd62acd000 	C:\Windows\System32\KERNEL32.DLL
0x00007ffd60810000 - 0x00007ffd60ae3000 	C:\Windows\System32\KERNELBASE.dll
0x00007ffd60630000 - 0x00007ffd60730000 	C:\Windows\System32\ucrtbase.dll
0x00007ffd4c120000 - 0x00007ffd4c13a000 	C:\Program Files\Java\jdk-17.0.4.1\bin\VCRUNTIME140.dll
0x00007ffd4c100000 - 0x00007ffd4c118000 	C:\Program Files\Java\jdk-17.0.4.1\bin\jli.dll
0x00007ffd628b0000 - 0x00007ffd6295e000 	C:\Windows\System32\ADVAPI32.dll
0x00007ffd61580000 - 0x00007ffd6161e000 	C:\Windows\System32\msvcrt.dll
0x00007ffd62960000 - 0x00007ffd629fc000 	C:\Windows\System32\sechost.dll
0x00007ffd61aa0000 - 0x00007ffd61bc5000 	C:\Windows\System32\RPCRT4.dll
0x00007ffd61120000 - 0x00007ffd612be000 	C:\Windows\System32\USER32.dll
0x00007ffd60730000 - 0x00007ffd60752000 	C:\Windows\System32\win32u.dll
0x00007ffd62ad0000 - 0x00007ffd62afc000 	C:\Windows\System32\GDI32.dll
0x00007ffd60b90000 - 0x00007ffd60ca4000 	C:\Windows\System32\gdi32full.dll
0x00007ffd60af0000 - 0x00007ffd60b8d000 	C:\Windows\System32\msvcp_win.dll
0x00007ffd4c280000 - 0x00007ffd4c51a000 	C:\Windows\WinSxS\amd64_microsoft.windows.common-controls_6595b64144ccf1df_6.0.19041.1110_none_60b5254171f9507e\COMCTL32.dll
0x00007ffd4f500000 - 0x00007ffd4f50a000 	C:\Windows\SYSTEM32\VERSION.dll
0x00007ffd61470000 - 0x00007ffd614a0000 	C:\Windows\System32\IMM32.DLL
0x00007ffd36b90000 - 0x00007ffd36b9c000 	C:\Program Files\Java\jdk-17.0.4.1\bin\vcruntime140_1.dll
0x00007ffd15e70000 - 0x00007ffd15efd000 	C:\Program Files\Java\jdk-17.0.4.1\bin\msvcp140.dll
0x00007ffcd9160000 - 0x00007ffcd9d22000 	C:\Program Files\Java\jdk-17.0.4.1\bin\server\jvm.dll
0x00007ffd61930000 - 0x00007ffd61938000 	C:\Windows\System32\PSAPI.DLL
0x00007ffd43180000 - 0x00007ffd43189000 	C:\Windows\SYSTEM32\WSOCK32.dll
0x00007ffd61940000 - 0x00007ffd619ab000 	C:\Windows\System32\WS2_32.dll
0x00007ffd432d0000 - 0x00007ffd432f7000 	C:\Windows\SYSTEM32\WINMM.dll
0x00007ffd5e240000 - 0x00007ffd5e252000 	C:\Windows\SYSTEM32\kernel.appcore.dll
0x00007ffd36b80000 - 0x00007ffd36b8a000 	C:\Program Files\Java\jdk-17.0.4.1\bin\jimage.dll
0x00007ffd5dfc0000 - 0x00007ffd5e1a4000 	C:\Windows\SYSTEM32\DBGHELP.DLL
0x00007ffd37b00000 - 0x00007ffd37b2c000 	C:\Windows\SYSTEM32\dbgcore.DLL
0x00007ffd60570000 - 0x00007ffd605f2000 	C:\Windows\System32\bcryptPrimitives.dll
0x00007ffd5d820000 - 0x00007ffd5d82e000 	C:\Program Files\Java\jdk-17.0.4.1\bin\instrument.dll
0x00007ffd20ef0000 - 0x00007ffd20f15000 	C:\Program Files\Java\jdk-17.0.4.1\bin\java.dll
0x00007ffd0fb10000 - 0x00007ffd0fbe6000 	C:\Program Files\Java\jdk-17.0.4.1\bin\jsvml.dll
0x00007ffd61e00000 - 0x00007ffd62543000 	C:\Windows\System32\SHELL32.dll
0x00007ffd5e3d0000 - 0x00007ffd5eb64000 	C:\Windows\SYSTEM32\windows.storage.dll
0x00007ffd62550000 - 0x00007ffd628a4000 	C:\Windows\System32\combase.dll
0x00007ffd5fbe0000 - 0x00007ffd5fc10000 	C:\Windows\SYSTEM32\Wldp.dll
0x00007ffd62b00000 - 0x00007ffd62bad000 	C:\Windows\System32\SHCORE.dll
0x00007ffd62bb0000 - 0x00007ffd62c05000 	C:\Windows\System32\shlwapi.dll
0x00007ffd60290000 - 0x00007ffd602af000 	C:\Windows\SYSTEM32\profapi.dll
0x00007ffd1c8d0000 - 0x00007ffd1c8e8000 	C:\Program Files\Java\jdk-17.0.4.1\bin\zip.dll
0x00007ffd1f0d0000 - 0x00007ffd1f0e9000 	C:\Program Files\Java\jdk-17.0.4.1\bin\net.dll
0x00007ffd59f70000 - 0x00007ffd5a07d000 	C:\Windows\SYSTEM32\WINHTTP.dll
0x00007ffd5f9d0000 - 0x00007ffd5fa3a000 	C:\Windows\system32\mswsock.dll
0x00007ffd1e700000 - 0x00007ffd1e716000 	C:\Program Files\Java\jdk-17.0.4.1\bin\nio.dll
0x00007ffd4f360000 - 0x00007ffd4f37a000 	C:\Program Files\JetBrains\IntelliJ IDEA Community Edition 2022.1.4\bin\breakgen64.dll
0x00007ffd36880000 - 0x00007ffd36890000 	C:\Program Files\Java\jdk-17.0.4.1\bin\verify.dll
0x00007ffd56c20000 - 0x00007ffd56c29000 	C:\Program Files\Java\jdk-17.0.4.1\bin\management.dll
0x00007ffd56a40000 - 0x00007ffd56a4b000 	C:\Program Files\Java\jdk-17.0.4.1\bin\management_ext.dll
0x00007ffd2a880000 - 0x00007ffd2a897000 	C:\Windows\system32\napinsp.dll
0x00007ffd33970000 - 0x00007ffd3398b000 	C:\Windows\system32\pnrpnsp.dll
0x00007ffd5a7f0000 - 0x00007ffd5a805000 	C:\Windows\system32\wshbth.dll
0x00007ffd5b380000 - 0x00007ffd5b39d000 	C:\Windows\system32\NLAapi.dll
0x00007ffd5f6e0000 - 0x00007ffd5f71b000 	C:\Windows\SYSTEM32\IPHLPAPI.DLL
0x00007ffd5f720000 - 0x00007ffd5f7ea000 	C:\Windows\SYSTEM32\DNSAPI.dll
0x00007ffd62a00000 - 0x00007ffd62a08000 	C:\Windows\System32\NSI.dll
0x00007ffd43810000 - 0x00007ffd43822000 	C:\Windows\System32\winrnr.dll
0x00007ffd55b40000 - 0x00007ffd55b4a000 	C:\Windows\System32\rasadhlp.dll
0x00007ffd50320000 - 0x00007ffd503a0000 	C:\Windows\System32\fwpuclnt.dll
0x00007ffd60600000 - 0x00007ffd60627000 	C:\Windows\System32\bcrypt.dll

dbghelp: loaded successfully - version: 4.0.5 - missing functions: none
symbol engine: initialized successfully - sym options: 0x614 - pdb path: .;C:\Program Files\Java\jdk-17.0.4.1\bin;C:\Windows\SYSTEM32;C:\Windows\WinSxS\amd64_microsoft.windows.common-controls_6595b64144ccf1df_6.0.19041.1110_none_60b5254171f9507e;C:\Program Files\Java\jdk-17.0.4.1\bin\server;C:\Program Files\JetBrains\IntelliJ IDEA Community Edition 2022.1.4\bin

VM Arguments:
jvm_args: -javaagent:C:\Program Files\JetBrains\IntelliJ IDEA Community Edition 2022.1.4\lib\idea_rt.jar=63293:C:\Program Files\JetBrains\IntelliJ IDEA Community Edition 2022.1.4\bin -Dfile.encoding=UTF-8 
java_command: com.miniprojeto.miniprojeto.MiniprojetoApplication
java_class_path (initial): C:\Users\ana.maciel\IdeaProjects\MiniProjeto-CatalisaModulo6\target\classes;C:\Users\ana.maciel\.m2\repository\org\springframework\boot\spring-boot-starter-data-jpa\2.7.4\spring-boot-starter-data-jpa-2.7.4.jar;C:\Users\ana.maciel\.m2\repository\org\springframework\boot\spring-boot-starter-aop\2.7.4\spring-boot-starter-aop-2.7.4.jar;C:\Users\ana.maciel\.m2\repository\org\springframework\spring-aop\5.3.23\spring-aop-5.3.23.jar;C:\Users\ana.maciel\.m2\repository\org\aspectj\aspectjweaver\1.9.7\aspectjweaver-1.9.7.jar;C:\Users\ana.maciel\.m2\repository\org\springframework\boot\spring-boot-starter-jdbc\2.7.4\spring-boot-starter-jdbc-2.7.4.jar;C:\Users\ana.maciel\.m2\repository\com\zaxxer\HikariCP\4.0.3\HikariCP-4.0.3.jar;C:\Users\ana.maciel\.m2\repository\org\springframework\spring-jdbc\5.3.23\spring-jdbc-5.3.23.jar;C:\Users\ana.maciel\.m2\repository\jakarta\transaction\jakarta.transaction-api\1.3.3\jakarta.transaction-api-1.3.3.jar;C:\Users\ana.maciel\.m2\repository\jakarta\persistence\jakarta.persistence-api\2.2.3\jakarta.persistence-api-2.2.3.jar;C:\Users\ana.maciel\.m2\repository\org\hibernate\hibernate-core\5.6.11.Final\hibernate-core-5.6.11.Final.jar;C:\Users\ana.maciel\.m2\repository\org\jboss\logging\jboss-logging\3.4.3.Final\jboss-logging-3.4.3.Final.jar;C:\Users\ana.maciel\.m2\repository\net\bytebuddy\byte-buddy\1.12.17\byte-buddy-1.12.17.jar;C:\Users\ana.maciel\.m2\repository\antlr\antlr\2.7.7\antlr-2.7.7.jar;C:\Users\ana.maciel\.m2\repository\org\jboss\jandex\2.4.2.Final\jandex-2.4.2.Final.jar;C:\Users\ana.maciel\.m2\repository\com\fasterxml\classmate\1.5.1\classmate-1.5.1.jar;C:\Users\ana.maciel\.m2\repository\org\hibernate\common\hibernate-commons-annotations\5.1.2.Final\hibernate-commons-annotations-5.1.2.Final.jar;C:\Users\ana.maciel\.m2\repository\org\glassfish\jaxb\jaxb-runtime\2.3.6\jaxb-runtime-2.3.6.jar;C:\Users\ana.maciel\.m2\repository\org\glassfish\jaxb\txw2\2.3.6\txw2-2.3.6.jar;C:\Users\ana.maciel\.m2\repository\com\s
Launcher Type: SUN_STANDARD

[Global flags]
     intx CICompilerCount                          = 4                                         {product} {ergonomic}
     uint ConcGCThreads                            = 2                                         {product} {ergonomic}
     uint G1ConcRefinementThreads                  = 8                                         {product} {ergonomic}
   size_t G1HeapRegionSize                         = 2097152                                   {product} {ergonomic}
    uintx GCDrainStackTargetSize                   = 64                                        {product} {ergonomic}
   size_t InitialHeapSize                          = 264241152                                 {product} {ergonomic}
   size_t MarkStackSize                            = 4194304                                   {product} {ergonomic}
   size_t MaxHeapSize                              = 4208984064                                {product} {ergonomic}
   size_t MaxNewSize                               = 2524971008                                {product} {ergonomic}
   size_t MinHeapDeltaBytes                        = 2097152                                   {product} {ergonomic}
   size_t MinHeapSize                              = 8388608                                   {product} {ergonomic}
    uintx NonNMethodCodeHeapSize                   = 5839372                                {pd product} {ergonomic}
    uintx NonProfiledCodeHeapSize                  = 122909434                              {pd product} {ergonomic}
    uintx ProfiledCodeHeapSize                     = 122909434                              {pd product} {ergonomic}
    uintx ReservedCodeCacheSize                    = 251658240                              {pd product} {ergonomic}
     bool SegmentedCodeCache                       = true                                      {product} {ergonomic}
   size_t SoftMaxHeapSize                          = 4208984064                             {manageable} {ergonomic}
     bool UseCompressedClassPointers               = true                           {product lp64_product} {ergonomic}
     bool UseCompressedOops                        = true                           {product lp64_product} {ergonomic}
     bool UseG1GC                                  = true                                      {product} {ergonomic}
     bool UseLargePagesIndividualAllocation        = false                                  {pd product} {ergonomic}

Logging:
Log output configuration:
 #0: stdout all=warning uptime,level,tags
 #1: stderr all=off uptime,level,tags

Environment Variables:
PATH=C:\Program Files\Common Files\Oracle\Java\javapath;C:\Windows\system32;C:\Windows;C:\Windows\System32\Wbem;C:\Windows\System32\WindowsPowerShell\v1.0\;C:\Windows\System32\OpenSSH\;C:\Program Files\dotnet\;C:\Program Files\Git\cmd;C:\Users\ana.maciel\AppData\Local\Microsoft\WindowsApps;C:\Program Files\JetBrains\IntelliJ IDEA Community Edition 2022.1.4\bin
USERNAME=ana.maciel
OS=Windows_NT
PROCESSOR_IDENTIFIER=Intel64 Family 6 Model 142 Stepping 12, GenuineIntel



---------------  S Y S T E M  ---------------

OS:
 Windows 10 , 64 bit Build 19041 (10.0.19041.1889)
OS uptime: 0 days 16:43 hours
Hyper-V role detected

CPU: total 8 (initial active 8) (4 cores per cpu, 2 threads per core) family 6 model 142 stepping 12 microcode 0xf0, cx8, cmov, fxsr, ht, mmx, 3dnowpref, sse, sse2, sse3, ssse3, sse4.1, sse4.2, popcnt, lzcnt, tsc, tscinvbit, avx, avx2, aes, erms, clmul, bmi1, bmi2, adx, fma, vzeroupper, clflush, clflushopt, hv

Memory: 4k page, system-wide physical 16051M (400M free)
TotalPageFile size 65203M (AvailPageFile size 1M)
current process WorkingSet (physical memory assigned to process): 90M, peak: 91M
current process commit charge ("private bytes"): 363M, peak: 364M

vm_info: Java HotSpot(TM) 64-Bit Server VM (17.0.4.1+1-LTS-2) for windows-amd64 JRE (17.0.4.1+1-LTS-2), built on Aug 16 2022 18:32:06 by "mach5one" with MS VC++ 16.8 / 16.9 (VS2019)

END.
